#
# There is insufficient memory for the Java Runtime Environment to continue.
# Native memory allocation (mmap) failed to map 2064384 bytes for G1 virtual space
# Possible reasons:
#   The system is out of physical RAM or swap space
#   The process is running with CompressedOops enabled, and the Java Heap may be blocking the growth of the native heap
# Possible solutions:
#   Reduce memory load on the system
#   Increase physical memory or swap space
#   Check if swap backing store is full
#   Decrease Java heap size (-Xmx/-Xms)
#   Decrease number of Java threads
#   Decrease Java thread stack sizes (-Xss)
#   Set larger code cache with -XX:ReservedCodeCacheSize=
#   JVM is running with Unscaled Compressed Oops mode in which the Java heap is
#     placed in the first 4GB address space. The Java Heap base address is the
#     maximum limit for the native heap growth. Please use -XX:HeapBaseMinAddress
#     to set the Java Heap base and to place the Java Heap above 4GB virtual address.
# This output file may be truncated or incomplete.
#
#  Out of Memory Error (os_windows.cpp:3527), pid=10144, tid=8020
#
# JRE version:  (19.0.1+10) (build )
# Java VM: OpenJDK 64-Bit Server VM (19.0.1+10-21, mixed mode, sharing, tiered, compressed oops, compressed class ptrs, g1 gc, windows-amd64)
# No core dump will be written. Minidumps are not enabled by default on client versions of Windows
#

---------------  S U M M A R Y ------------

Command Line: -Dmaven.multiModuleProjectDirectory=D:\Ky 7 - 20221\LTCT\pj\delivery-be -Dmaven.home=C:\Users\PC\.m2\wrapper\dists\apache-maven-3.8.6-bin\1ks0nkde5v1pk9vtc31i9d0lcd\apache-maven-3.8.6 -Dclassworlds.conf=C:\Users\PC\.m2\wrapper\dists\apache-maven-3.8.6-bin\1ks0nkde5v1pk9vtc31i9d0lcd\apache-maven-3.8.6\bin\m2.conf -Dmaven.ext.class.path=C:\Program Files\JetBrains\IntelliJ IDEA 2021.3.3\plugins\maven\lib\maven-event-listener.jar -javaagent:C:\Program Files\JetBrains\IntelliJ IDEA 2021.3.3\lib\idea_rt.jar=56020:C:\Program Files\JetBrains\IntelliJ IDEA 2021.3.3\bin -Dfile.encoding=UTF-8 org.codehaus.classworlds.Launcher -Didea.version=2021.3.3 clean

Host: Intel(R) Core(TM) i5-1035G1 CPU @ 1.00GHz, 8 cores, 7G,  Windows 10 , 64 bit Build 19041 (10.0.19041.2364)
Time: Fri Jan  6 17:10:06 2023 SE Asia Standard Time elapsed time: 0.010289 seconds (0d 0h 0m 0s)

---------------  T H R E A D  ---------------

Current thread (0x00000121d0fbe730):  JavaThread "Unknown thread" [_thread_in_vm, id=8020, stack(0x00000004ae200000,0x00000004ae300000)]

Stack: [0x00000004ae200000,0x00000004ae300000]
Native frames: (J=compiled Java code, j=interpreted, Vv=VM code, C=native code)
V  [jvm.dll+0x6ee8fa]
V  [jvm.dll+0x857a1e]
V  [jvm.dll+0x85940e]
V  [jvm.dll+0x859ac3]
V  [jvm.dll+0x28291f]
V  [jvm.dll+0x6eb6e9]
V  [jvm.dll+0x6e028a]
V  [jvm.dll+0x357136]
V  [jvm.dll+0x35eb96]
V  [jvm.dll+0x3b5573]
V  [jvm.dll+0x3b578f]
V  [jvm.dll+0x32c6ea]
V  [jvm.dll+0x32d59e]
V  [jvm.dll+0x821b20]
V  [jvm.dll+0x3c27c1]
V  [jvm.dll+0x8022f1]
V  [jvm.dll+0x44b30f]
V  [jvm.dll+0x44cc91]
C  [jli.dll+0x5287]
C  [ucrtbase.dll+0x21bb2]
C  [KERNEL32.DLL+0x17614]
C  [ntdll.dll+0x526a1]


---------------  P R O C E S S  ---------------

Threads class SMR info:
_java_thread_list=0x00007ff8f39bd048, length=0, elements={
}

Java Threads: ( => current thread )

Other Threads:
  0x00000121d101d1a0 WorkerThread "GC Thread#0" [stack: 0x00000004ae300000,0x00000004ae400000] [id=1456]
  0x00000121d102da40 ConcurrentGCThread "G1 Main Marker" [stack: 0x00000004ae400000,0x00000004ae500000] [id=1384]
  0x00000121d102f620 WorkerThread "G1 Conc#0" [stack: 0x00000004ae500000,0x00000004ae600000] [id=9108]

[error occurred during error reporting (printing all threads), id 0xc0000005, EXCEPTION_ACCESS_VIOLATION (0xc0000005) at pc=0x00007ff8f317d127]

VM state: not at safepoint (not fully initialized)

VM Mutex/Monitor currently owned by a thread:  ([mutex/lock_event])
[0x00000121d0fba5c0] Heap_lock - owner thread: 0x00000121d0fbe730

Heap address: 0x0000000083600000, size: 1994 MB, Compressed Oops mode: 32-bit

CDS archive(s) mapped at: [0x0000000000000000-0x0000000000000000-0x0000000000000000), size 0, SharedBaseAddress: 0x0000000800000000, ArchiveRelocationMode: 0.
Narrow klass base: 0x0000000000000000, Narrow klass shift: 0, Narrow klass range: 0x0

GC Precious Log:
 CardTable entry size: 512
 Card Set container configuration: InlinePtr #cards 5 size 8 Array Of Cards #cards 12 size 40 Howl #buckets 4 coarsen threshold 1843 Howl Bitmap #cards 512 size 80 coarsen threshold 460 Card regions per heap region 1 cards per card region 2048

Heap:
 garbage-first heap   total 0K, used 0K [0x0000000083600000, 0x0000000100000000)
  region size 1024K, 0 young (0K), 0 survivors (0K)

[error occurred during error reporting (printing heap information), id 0xc0000005, EXCEPTION_ACCESS_VIOLATION (0xc0000005) at pc=0x00007ff8f3586959]

GC Heap History (0 events):
No events

Dll operation events (1 events):
Event: 0.007 Loaded shared library C:\Users\PC\.jdks\openjdk-19.0.1\bin\java.dll

Deoptimization events (0 events):
No events

Classes loaded (0 events):
No events

Classes unloaded (0 events):
No events

Classes redefined (0 events):
No events

Internal exceptions (0 events):
No events

VM Operations (0 events):
No events

Events (0 events):
No events


Dynamic libraries:
0x00007ff6e5970000 - 0x00007ff6e597e000 	C:\Users\PC\.jdks\openjdk-19.0.1\bin\java.exe
0x00007ff93e9f0000 - 0x00007ff93ebe8000 	C:\WINDOWS\SYSTEM32\ntdll.dll
0x00007ff93cd60000 - 0x00007ff93ce1f000 	C:\WINDOWS\System32\KERNEL32.DLL
0x00007ff93c750000 - 0x00007ff93ca22000 	C:\WINDOWS\System32\KERNELBASE.dll
0x00007ff93c600000 - 0x00007ff93c700000 	C:\WINDOWS\System32\ucrtbase.dll
0x00007ff919dd0000 - 0x00007ff919de7000 	C:\Users\PC\.jdks\openjdk-19.0.1\bin\jli.dll
0x00007ff925020000 - 0x00007ff92503b000 	C:\Users\PC\.jdks\openjdk-19.0.1\bin\VCRUNTIME140.dll
0x00007ff93d070000 - 0x00007ff93d211000 	C:\WINDOWS\System32\USER32.dll
0x00007ff93c5d0000 - 0x00007ff93c5f2000 	C:\WINDOWS\System32\win32u.dll
0x00007ff922aa0000 - 0x00007ff922d3a000 	C:\WINDOWS\WinSxS\amd64_microsoft.windows.common-controls_6595b64144ccf1df_6.0.19041.1110_none_60b5254171f9507e\COMCTL32.dll
0x00007ff93cec0000 - 0x00007ff93ceeb000 	C:\WINDOWS\System32\GDI32.dll
0x00007ff93e910000 - 0x00007ff93e9ae000 	C:\WINDOWS\System32\msvcrt.dll
0x00007ff93c360000 - 0x00007ff93c46f000 	C:\WINDOWS\System32\gdi32full.dll
0x00007ff93c0e0000 - 0x00007ff93c17d000 	C:\WINDOWS\System32\msvcp_win.dll
0x00007ff93e320000 - 0x00007ff93e352000 	C:\WINDOWS\System32\IMM32.DLL
0x00007ff925690000 - 0x00007ff92569c000 	C:\Users\PC\.jdks\openjdk-19.0.1\bin\vcruntime140_1.dll
0x00007ff90ff80000 - 0x00007ff91000e000 	C:\Users\PC\.jdks\openjdk-19.0.1\bin\msvcp140.dll
0x00007ff8f2e40000 - 0x00007ff8f3b00000 	C:\Users\PC\.jdks\openjdk-19.0.1\bin\server\jvm.dll
0x00007ff93cef0000 - 0x00007ff93cf9e000 	C:\WINDOWS\System32\ADVAPI32.dll
0x00007ff93ce20000 - 0x00007ff93cebc000 	C:\WINDOWS\System32\sechost.dll
0x00007ff93cbb0000 - 0x00007ff93ccd5000 	C:\WINDOWS\System32\RPCRT4.dll
0x00007ff9208e0000 - 0x00007ff920907000 	C:\WINDOWS\SYSTEM32\WINMM.dll
0x00007ff921f00000 - 0x00007ff921f09000 	C:\WINDOWS\SYSTEM32\WSOCK32.dll
0x00007ff932780000 - 0x00007ff93278a000 	C:\WINDOWS\SYSTEM32\VERSION.dll
0x00007ff93cce0000 - 0x00007ff93cd4b000 	C:\WINDOWS\System32\WS2_32.dll
0x00007ff93a960000 - 0x00007ff93a972000 	C:\WINDOWS\SYSTEM32\kernel.appcore.dll
0x00007ff921f60000 - 0x00007ff921f6a000 	C:\Users\PC\.jdks\openjdk-19.0.1\bin\jimage.dll
0x00007ff936e50000 - 0x00007ff937034000 	C:\WINDOWS\SYSTEM32\DBGHELP.DLL
0x00007ff920910000 - 0x00007ff920945000 	C:\WINDOWS\SYSTEM32\dbgcore.DLL
0x00007ff93c180000 - 0x00007ff93c202000 	C:\WINDOWS\System32\bcryptPrimitives.dll
0x00007ff926260000 - 0x00007ff92626e000 	C:\Users\PC\.jdks\openjdk-19.0.1\bin\instrument.dll
0x00007ff919da0000 - 0x00007ff919dc6000 	C:\Users\PC\.jdks\openjdk-19.0.1\bin\java.dll

dbghelp: loaded successfully - version: 4.0.5 - missing functions: none
symbol engine: initialized successfully - sym options: 0x614 - pdb path: .;C:\Users\PC\.jdks\openjdk-19.0.1\bin;C:\WINDOWS\SYSTEM32;C:\WINDOWS\WinSxS\amd64_microsoft.windows.common-controls_6595b64144ccf1df_6.0.19041.1110_none_60b5254171f9507e;C:\Users\PC\.jdks\openjdk-19.0.1\bin\server

VM Arguments:
jvm_args: -Dmaven.multiModuleProjectDirectory=D:\Ky 7 - 20221\LTCT\pj\delivery-be -Dmaven.home=C:\Users\PC\.m2\wrapper\dists\apache-maven-3.8.6-bin\1ks0nkde5v1pk9vtc31i9d0lcd\apache-maven-3.8.6 -Dclassworlds.conf=C:\Users\PC\.m2\wrapper\dists\apache-maven-3.8.6-bin\1ks0nkde5v1pk9vtc31i9d0lcd\apache-maven-3.8.6\bin\m2.conf -Dmaven.ext.class.path=C:\Program Files\JetBrains\IntelliJ IDEA 2021.3.3\plugins\maven\lib\maven-event-listener.jar -javaagent:C:\Program Files\JetBrains\IntelliJ IDEA 2021.3.3\lib\idea_rt.jar=56020:C:\Program Files\JetBrains\IntelliJ IDEA 2021.3.3\bin -Dfile.encoding=UTF-8 
java_command: org.codehaus.classworlds.Launcher -Didea.version=2021.3.3 clean
java_class_path (initial): C:\Users\PC\.m2\wrapper\dists\apache-maven-3.8.6-bin\1ks0nkde5v1pk9vtc31i9d0lcd\apache-maven-3.8.6\boot\plexus-classworlds-2.6.0.jar;C:\Users\PC\.m2\wrapper\dists\apache-maven-3.8.6-bin\1ks0nkde5v1pk9vtc31i9d0lcd\apache-maven-3.8.6\boot\plexus-classworlds.license
Launcher Type: SUN_STANDARD

[Global flags]
     intx CICompilerCount                          = 4                                         {product} {ergonomic}
     uint ConcGCThreads                            = 2                                         {product} {ergonomic}
     uint G1ConcRefinementThreads                  = 8                                         {product} {ergonomic}
   size_t G1HeapRegionSize                         = 1048576                                   {product} {ergonomic}
    uintx GCDrainStackTargetSize                   = 64                                        {product} {ergonomic}
   size_t InitialHeapSize                          = 132120576                                 {product} {ergonomic}
   size_t MarkStackSize                            = 4194304                                   {product} {ergonomic}
   size_t MaxHeapSize                              = 2090860544                                {product} {ergonomic}
   size_t MinHeapDeltaBytes                        = 1048576                                   {product} {ergonomic}
   size_t MinHeapSize                              = 8388608                                   {product} {ergonomic}
    uintx NonNMethodCodeHeapSize                   = 5839372                                {pd product} {ergonomic}
    uintx NonProfiledCodeHeapSize                  = 122909434                              {pd product} {ergonomic}
    uintx ProfiledCodeHeapSize                     = 122909434                              {pd product} {ergonomic}
    uintx ReservedCodeCacheSize                    = 251658240                              {pd product} {ergonomic}
     bool SegmentedCodeCache                       = true                                      {product} {ergonomic}
   size_t SoftMaxHeapSize                          = 2090860544                             {manageable} {ergonomic}
     bool UseCompressedClassPointers               = true                           {product lp64_product} {ergonomic}
     bool UseCompressedOops                        = true                           {product lp64_product} {ergonomic}
     bool UseG1GC                                  = true                                      {product} {ergonomic}
     bool UseLargePagesIndividualAllocation        = false                                  {pd product} {ergonomic}

Logging:
Log output configuration:
 #0: stdout all=warning uptime,level,tags foldmultilines=false
 #1: stderr all=off uptime,level,tags foldmultilines=false

Environment Variables:
JAVA_HOME=C:\Program Files\Java\jdk-11.0.13
CLASSPATH=C:\Program Files\Eclipse Adoptium\jdk-11.0.14.101-hotspot\jre\lib\ext
PATH=C:\Program Files\Common Files\Oracle\Java\javapath;C:\Program Files\Eclipse Adoptium\jdk-11.0.14.101-hotspot\bin;C:\WINDOWS\system32;C:\WINDOWS;C:\WINDOWS\System32\Wbem;C:\WINDOWS\System32\WindowsPowerShell\v1.0\;C:\WINDOWS\System32\OpenSSH\;C:\MinGW\MinGW\bin;C:\Program Files\Git\cmd;C:\Program Files\Azure Data Studio\bin;%AppData%\npm;C:\Program Files\nodejs\;C:\xampp\php;C:\composer;C:\Program Files\Java\jdk-11.0.13\bin;C:\Program Files\Java\jdk-11.0.13\bin;C:\Users\PC\AppData\Roaming\npm;C:\Program Files\sonar-scanner\bin;C:\gradle-7.1.1-bin\gradle-7.1.1\bin;C:\Users\PC\AppData\Local\Programs\Python\Python310\Scripts\;C:\Users\PC\AppData\Local\Programs\Python\Python310\;C:\Program Files\Java\jdk-11.0.13\bin;C:\Users\PC\AppData\Local\Programs\Microsoft VS Code\bin
USERNAME=PC
OS=Windows_NT
PROCESSOR_IDENTIFIER=Intel64 Family 6 Model 126 Stepping 5, GenuineIntel
TMP=C:\Users\PC\AppData\Local\Temp
TEMP=C:\Users\PC\AppData\Local\Temp



---------------  S Y S T E M  ---------------

OS:
 Windows 10 , 64 bit Build 19041 (10.0.19041.2364)
OS uptime: 0 days 3:45 hours

CPU: total 8 (initial active 8) (4 cores per cpu, 2 threads per core) family 6 model 126 stepping 5 microcode 0xa0, cx8, cmov, fxsr, ht, mmx, 3dnowpref, sse, sse2, sse3, ssse3, sse4.1, sse4.2, popcnt, lzcnt, tsc, tscinvbit, avx, avx2, aes, erms, clmul, bmi1, bmi2, adx, avx512f, avx512dq, avx512cd, avx512bw, avx512vl, sha, fma, vzeroupper, avx512_vpopcntdq, avx512_vpclmulqdq, avx512_vaes, avx512_vnni, clflush, clflushopt, avx512_vbmi2, avx512_vbmi, rdtscp, rdpid, fsrm, gfni, avx512_bitalg

Memory: 4k page, system-wide physical 7969M (550M free)
TotalPageFile size 11753M (AvailPageFile size 5M)
current process WorkingSet (physical memory assigned to process): 10M, peak: 10M
current process commit charge ("private bytes"): 186M, peak: 188M

vm_info: OpenJDK 64-Bit Server VM (19.0.1+10-21) for windows-amd64 JRE (19.0.1+10-21), built on 2022-09-14T12:45:06Z by "mach5one" with MS VC++ 17.1 (VS2022)

END.
